{"D:\\Workspace\\my-vue-test-jest\\babel.config.js": {"path":"D:\\Workspace\\my-vue-test-jest\\babel.config.js","statementMap":{"0":{"start":{"line":1,"column":0},"end":{"line":5,"column":1}}},"fnMap":{},"branchMap":{},"s":{"0":0},"f":{},"b":{},"hash":"0443727efadc3d12a9c1b3ef9adfe39fbd8113b0"}
,"D:\\Workspace\\my-vue-test-jest\\jest.config.js": {"path":"D:\\Workspace\\my-vue-test-jest\\jest.config.js","statementMap":{"0":{"start":{"line":1,"column":0},"end":{"line":5,"column":1}}},"fnMap":{},"branchMap":{},"s":{"0":0},"f":{},"b":{},"hash":"3d54e90762bd46a4cc8c6881d8eea32e05d781d8"}
,"D:\\Workspace\\my-vue-test-jest\\src\\main.js": {"path":"D:\\Workspace\\my-vue-test-jest\\src\\main.js","statementMap":{"0":{"start":{"line":6,"column":0},"end":{"line":6,"column":32}},"1":{"start":{"line":8,"column":0},"end":{"line":12,"column":17}},"2":{"start":{"line":11,"column":15},"end":{"line":11,"column":21}}},"fnMap":{"0":{"name":"(anonymous_0)","decl":{"start":{"line":11,"column":10},"end":{"line":11,"column":11}},"loc":{"start":{"line":11,"column":15},"end":{"line":11,"column":21}},"line":11}},"branchMap":{},"s":{"0":0,"1":0,"2":0},"f":{"0":0},"b":{},"hash":"9f0a6f66bfc57452bc3ccbff864f4780387ca49a"}
,"D:\\Workspace\\my-vue-test-jest\\src\\router\\index.js": {"path":"D:\\Workspace\\my-vue-test-jest\\src\\router\\index.js","statementMap":{"0":{"start":{"line":5,"column":0},"end":{"line":5,"column":18}},"1":{"start":{"line":7,"column":15},"end":{"line":21,"column":1}},"2":{"start":{"line":19,"column":21},"end":{"line":19,"column":81}},"3":{"start":{"line":23,"column":15},"end":{"line":27,"column":2}}},"fnMap":{"0":{"name":"(anonymous_0)","decl":{"start":{"line":19,"column":15},"end":{"line":19,"column":16}},"loc":{"start":{"line":19,"column":21},"end":{"line":19,"column":81}},"line":19}},"branchMap":{},"s":{"0":0,"1":0,"2":0,"3":0},"f":{"0":0},"b":{},"hash":"d34ab08ba6a9b4c177118ad217d686869d48bee2"}
,"D:\\Workspace\\my-vue-test-jest\\src\\store\\index.js": {"path":"D:\\Workspace\\my-vue-test-jest\\src\\store\\index.js","statementMap":{"0":{"start":{"line":4,"column":0},"end":{"line":4,"column":13}}},"fnMap":{},"branchMap":{},"s":{"0":0},"f":{},"b":{},"hash":"4d77d7de4e9fdfa555f08540779365c56e3b8155"}
,"D:\\Workspace\\my-vue-test-jest\\src\\views\\Home.vue": {"path":"D:\\Workspace\\my-vue-test-jest\\src\\views\\Home.vue","statementMap":{"0":{"start":{"line":10,"column":0},"end":{"line":10,"column":null}}},"fnMap":{},"branchMap":{},"s":{"0":1},"f":{},"b":{}}
}
